<?xml version="1.0" encoding="UTF-8"?>
<testsuite xmlns:xsi="http://www.w3.org/2001/XMLSchema-instance" xsi:schemaLocation="https://maven.apache.org/surefire/maven-surefire-plugin/xsd/surefire-test-report.xsd" name="FX.Model.Entities.PaddleTest" time="0.005" tests="3" errors="0" skipped="0" failures="0">
  <properties>
[...]
</properties>
  <testcase name="testMove" classname="FX.Model.Entities.PaddleTest" time="0.001"/>
  <testcase name="testResetPosition" classname="FX.Model.Entities.PaddleTest" time="0"/>
  <testcase name="testNotMove" classname="FX.Model.Entities.PaddleTest" time="0.001"/>
</testsuite>